Arguments: 
  /usr/bin/node /usr/share/yarn/bin/yarn.js add @babbel/preset-env

PATH: 
  /home/wesley/anaconda3/bin/conda:/home/wesley/bin:/home/wesley/.local/bin:/home/wesley/anaconda3/bin/conda:/home/wesley/anaconda3/bin:/home/wesley/anaconda3/condabin:/home/wesley/bin:/home/wesley/.local/bin:/usr/local/sbin:/usr/local/bin:/usr/sbin:/usr/bin:/sbin:/bin:/usr/games:/usr/local/games:/usr/lib/jvm/java-8-oracle/bin:/usr/lib/jvm/java-8-oracle/db/bin:/usr/lib/jvm/java-8-oracle/jre/bin:/usr/lib/jvm/java-8-oracle/bin:/usr/lib/jvm/java-8-oracle/db/bin:/usr/lib/jvm/java-8-oracle/jre/bin

Yarn version: 
  1.17.3

Node version: 
  10.16.3

Platform: 
  linux x64

Trace: 
  Error: https://registry.yarnpkg.com/@babbel%2fpreset-env: Not found
      at Request.params.callback [as _callback] (/usr/share/yarn/lib/cli.js:66830:18)
      at Request.self.callback (/usr/share/yarn/lib/cli.js:140464:22)
      at Request.emit (events.js:198:13)
      at Request.<anonymous> (/usr/share/yarn/lib/cli.js:141436:10)
      at Request.emit (events.js:198:13)
      at IncomingMessage.<anonymous> (/usr/share/yarn/lib/cli.js:141358:12)
      at Object.onceWrapper (events.js:286:20)
      at IncomingMessage.emit (events.js:203:15)
      at endReadableNT (_stream_readable.js:1145:12)
      at process._tickCallback (internal/process/next_tick.js:63:19)

npm manifest: 
  {
    "name": "rocketStudy",
    "version": "1.0.0",
    "description": "estudando o rocket seat",
    "main": "index.js",
    "author": "Wesley Campagna",
    "license": "MIT",
    "private": null,
    "dependencies": {
      "babbel": "^3.0.12"
    }
  }

yarn manifest: 
  No manifest

Lockfile: 
  # THIS IS AN AUTOGENERATED FILE. DO NOT EDIT THIS FILE DIRECTLY.
  # yarn lockfile v1
  
  
  axios@^0.15.3:
    version "0.15.3"
    resolved "https://registry.yarnpkg.com/axios/-/axios-0.15.3.tgz#2c9d638b2e191a08ea1d6cc988eadd6ba5bdc053"
    integrity sha1-LJ1jiy4ZGgjqHWzJiOrda6W9wFM=
    dependencies:
      follow-redirects "1.0.0"
  
  babbel@^3.0.12:
    version "3.0.12"
    resolved "https://registry.yarnpkg.com/babbel/-/babbel-3.0.12.tgz#9d503be8710eac8440248496fa5fa0d0b3963262"
    integrity sha1-nVA76HEOrIRAJISW+l+g0LOWMmI=
    dependencies:
      axios "^0.15.3"
      bluebird "^3.4.1"
      custom-error-generator "^7.0.0"
      qs "^6.2.1"
      valido "^2.0.14"
  
  bluebird@^3.4.1:
    version "3.5.5"
    resolved "https://registry.yarnpkg.com/bluebird/-/bluebird-3.5.5.tgz#a8d0afd73251effbbd5fe384a77d73003c17a71f"
    integrity sha512-5am6HnnfN+urzt4yfg7IgTbotDjIT/u8AJpEt0sIU9FtXfVeezXAPKswrG+xKUCOYAINpSdgZVDU6QFh+cuH3w==
  
  custom-error-generator@^7.0.0:
    version "7.0.0"
    resolved "https://registry.yarnpkg.com/custom-error-generator/-/custom-error-generator-7.0.0.tgz#b16f8d09636327f69ae80a1043766f30f4506408"
    integrity sha1-sW+NCWNjJ/aa6AoQQ3ZvMPRQZAg=
  
  debug@^2.2.0:
    version "2.6.9"
    resolved "https://registry.yarnpkg.com/debug/-/debug-2.6.9.tgz#5d128515df134ff327e90a4c93f4e077a536341f"
    integrity sha512-bC7ElrdJaJnPbAP+1EotYvqZsb3ecl5wi6Bfi6BJTUcNowp6cvspg0jXznRTKDjm/E7AdgFBVeAPVMNcKGsHMA==
    dependencies:
      ms "2.0.0"
  
  follow-redirects@1.0.0:
    version "1.0.0"
    resolved "https://registry.yarnpkg.com/follow-redirects/-/follow-redirects-1.0.0.tgz#8e34298cbd2e176f254effec75a1c78cc849fd37"
    integrity sha1-jjQpjL0uF28lTv/sdaHHjMhJ/Tc=
    dependencies:
      debug "^2.2.0"
  
  ms@2.0.0:
    version "2.0.0"
    resolved "https://registry.yarnpkg.com/ms/-/ms-2.0.0.tgz#5608aeadfc00be6c2901df5f9861788de0d597c8"
    integrity sha1-VgiurfwAvmwpAd9fmGF4jeDVl8g=
  
  qs@^6.2.1:
    version "6.8.0"
    resolved "https://registry.yarnpkg.com/qs/-/qs-6.8.0.tgz#87b763f0d37ca54200334cd57bb2ef8f68a1d081"
    integrity sha512-tPSkj8y92PfZVbinY1n84i1Qdx75lZjMQYx9WZhnkofyxzw2r7Ho39G3/aEvSUdebxpnnM4LZJCtvE/Aq3+s9w==
  
  valido@^2.0.14:
    version "2.1.0"
    resolved "https://registry.yarnpkg.com/valido/-/valido-2.1.0.tgz#dc40c347c00e665bd63bec179225065bfa0989ee"
    integrity sha512-yKHNicmgxFS68LPy+mL557acKWS50/esG5ajNyZgCRUHTCFrq4Ut/Hr2Yg/wihIl6RwqF8d7OAsU6K1iOtJm2w==
